<?xml version="1.0" encoding="UTF-8"?>
<!-- Generated by org.testng.reporters.JUnitXMLReporter -->
<testsuite ignored="0" hostname="SWATI" failures="0" tests="3" name="Test1" time="178.261" errors="0" timestamp="2025-03-05T12:00:18 IST">
  <testcase classname="TestNGExecution.launchFacebook" name="launchFacebookTC" time="14.917"/>
  <testcase classname="TestNGExecution.launchTwitter" name="launchTwitterTC" time="152.596"/>
  <testcase classname="TestNGExecution.launchInstagram" name="launchInstagramTC" time="10.576"/>
</testsuite> <!-- Test1 -->
