<?xml version="1.0" encoding="UTF-8"?>
<!-- Generated by org.testng.reporters.JUnitXMLReporter -->
<testsuite ignored="0" hostname="SWATI" failures="1" tests="1" name="Test" time="34.048" errors="0" timestamp="2025-03-10T10:41:40 IST">
  <testcase classname="testNGListener.ValidLogin" name="validLoginTC" time="8.884">
    <failure type="java.lang.NullPointerException" message="Cannot invoke &amp;quot;Object.toString()&amp;quot; because &amp;quot;cell&amp;quot; is null">
      <![CDATA[java.lang.NullPointerException: Cannot invoke "Object.toString()" because "cell" is null
at DataDrivenFramework.Flib.readExcelData(Flib.java:22)
at testNGListener.ValidLogin.validLoginTC(ValidLogin.java:23)
at java.base/java.util.ArrayList.forEach(ArrayList.java:1597)
... Removed 25 stack frames]]>
    </failure>
  </testcase> <!-- validLoginTC -->
</testsuite> <!-- Test -->
